{"name": "test_app_demo", "status": "failed", "statusDetails": {"message": "AssertionError: assert False", "trace": "self = <script.test_demo_app.TestAppDemo object at 0x030E0210>\n\n    @allure.story('test_story_of_app_demo')\n    def test_app_demo(self):\n        result = False\n>       assert result\nE       assert False\n\ntest_demo_app.py:19: AssertionError"}, "start": 1590248925922, "stop": 1590248925923, "uuid": "7305e0a7-a382-4441-833b-fca7d9ba8c38", "historyId": "1aa923a3228d4d4bd0e3330dc8a53e5a", "testCaseId": "9a1359f6c2e272da6e5c3f524a83e841", "fullName": "test_demo_app.TestAppDemo#test_app_demo", "labels": [{"name": "story", "value": "test_story_of_app_demo"}, {"name": "feature", "value": "feature_app_demo"}, {"name": "suite", "value": "test_demo_app"}, {"name": "subSuite", "value": "TestAppDemo"}, {"name": "host", "value": "我的PC-爱吃苹果的鱼"}, {"name": "thread", "value": "17960-MainThread"}, {"name": "framework", "value": "pytest"}, {"name": "language", "value": "cpython3"}, {"name": "package", "value": "test_demo_app"}]}